#
# A fatal error has been detected by the Java Runtime Environment:
#
#  EXCEPTION_ACCESS_VIOLATION (0xc0000005) at pc=0x00000006, pid=748, tid=5264
#
# JRE version: Java(TM) SE Runtime Environment (7.0_67-b01) (build 1.7.0_67-b01)
# Java VM: Java HotSpot(TM) Client VM (24.65-b04 mixed mode, sharing windows-x86 )
# Problematic frame:
# C  0x00000006
#
# Failed to write core dump. Minidumps are not enabled by default on client versions of Windows
#
# If you would like to submit a bug report, please visit:
#   http://bugreport.sun.com/bugreport/crash.jsp
# The crash happened outside the Java Virtual Machine in native code.
# See problematic frame for where to report the bug.
#

---------------  T H R E A D  ---------------

Current thread (0x03ef0c00):  JavaThread "LWJGL Application" [_thread_in_native, id=5264, stack(0x04fc0000,0x05010000)]

siginfo: ExceptionCode=0xc0000005, ExceptionInformation=0x00000008 0x00000006

Registers:
EAX=0x04100020, EBX=0x04100020, ECX=0x00000000, EDX=0x00000000
ESP=0x0500f32c, EBP=0x040ff120, ESI=0x040be220, EDI=0x041000c0
EIP=0x00000006, EFLAGS=0x00010206

Top of Stack: (sp=0x0500f32c)
0x0500f32c:   6cecd040 04100020 0500f360 03d1e818
0x0500f33c:   04100020 040be220 041000c0 04100020
0x0500f34c:   6cedfda5 04100020 040a5048 0500f38c
0x0500f35c:   5d291713 03ef0c00 0500f398 5d291713
0x0500f36c:   040a5048 00000000 041000c0 00000000
0x0500f37c:   6cee2529 040be220 04100020 0500f774
0x0500f38c:   5d5256fe cf40d285 fffffffe 0500f3b8
0x0500f39c:   040be220 03ef0c00 0500f710 5d37ed5a 

Instructions: (pc=0x00000006)
0xffffffe6:   


Register to memory mapping:

EAX=0x04100020 is an unknown value
EBX=0x04100020 is an unknown value
ECX=0x00000000 is an unknown value
EDX=0x00000000 is an unknown value
ESP=0x0500f32c is pointing into the stack for thread: 0x03ef0c00
EBP=0x040ff120 is an unknown value
ESI=0x040be220 is an unknown value
EDI=0x041000c0 is an unknown value


Stack: [0x04fc0000,0x05010000],  sp=0x0500f32c,  free space=316k
Native frames: (J=compiled Java code, j=interpreted, Vv=VM code, C=native code)
C  0x00000006

Java frames: (J=compiled Java code, j=interpreted, Vv=VM code)
j  com.badlogic.gdx.physics.box2d.World.jniDestroyBody(JJ)V+0
j  com.badlogic.gdx.physics.box2d.World.destroyBody(Lcom/badlogic/gdx/physics/box2d/Body;)V+99
J 431 C1 com.dnx.mc.GameScreen.render(F)V (519 bytes) @ 0x01af7638 [0x01af70a0+0x598]
j  com.badlogic.gdx.Game.render()V+19
j  com.dnx.mc.MountainClimb.render()V+1
j  com.badlogic.gdx.backends.lwjgl.LwjglApplication.mainLoop()V+642
j  com.badlogic.gdx.backends.lwjgl.LwjglApplication$1.run()V+27
v  ~StubRoutines::call_stub

---------------  P R O C E S S  ---------------

Java Threads: ( => current thread )
  0x077a9800 JavaThread "LWJGL Timer" daemon [_thread_blocked, id=3720, stack(0x08bb0000,0x08c00000)]
  0x0781b800 JavaThread "AsynchExecutor-Thread" daemon [_thread_blocked, id=3140, stack(0x07e40000,0x07e90000)]
  0x0123c800 JavaThread "DestroyJavaVM" [_thread_blocked, id=904, stack(0x01190000,0x011e0000)]
=>0x03ef0c00 JavaThread "LWJGL Application" [_thread_in_native, id=5264, stack(0x04fc0000,0x05010000)]
  0x01351800 JavaThread "Service Thread" daemon [_thread_blocked, id=3384, stack(0x03b90000,0x03be0000)]
  0x01344000 JavaThread "C1 CompilerThread0" daemon [_thread_blocked, id=3980, stack(0x011e0000,0x01230000)]
  0x01342c00 JavaThread "Attach Listener" daemon [_thread_blocked, id=4776, stack(0x03cc0000,0x03d10000)]
  0x0133fc00 JavaThread "Signal Dispatcher" daemon [_thread_blocked, id=3312, stack(0x03d80000,0x03dd0000)]
  0x012d6000 JavaThread "Finalizer" daemon [_thread_blocked, id=4904, stack(0x03c40000,0x03c90000)]
  0x012d1000 JavaThread "Reference Handler" daemon [_thread_blocked, id=5724, stack(0x03b20000,0x03b70000)]

Other Threads:
  0x012cf400 VMThread [stack: 0x03a80000,0x03ad0000] [id=1212]
  0x0135a800 WatcherThread [stack: 0x03df0000,0x03e40000] [id=3428]

VM state:not at safepoint (normal execution)

VM Mutex/Monitor currently owned by a thread: None

Heap
 def new generation   total 4928K, used 699K [0x23a00000, 0x23f50000, 0x28f50000)
  eden space 4416K,   4% used [0x23a00000, 0x23a2edf0, 0x23e50000)
  from space 512K, 100% used [0x23e50000, 0x23ed0000, 0x23ed0000)
  to   space 512K,   0% used [0x23ed0000, 0x23ed0000, 0x23f50000)
 tenured generation   total 10944K, used 3256K [0x28f50000, 0x29a00000, 0x33a00000)
   the space 10944K,  29% used [0x28f50000, 0x2927e0d8, 0x2927e200, 0x29a00000)
 compacting perm gen  total 12288K, used 3244K [0x33a00000, 0x34600000, 0x37a00000)
   the space 12288K,  26% used [0x33a00000, 0x33d2b070, 0x33d2b200, 0x34600000)
    ro space 10240K,  42% used [0x37a00000, 0x37e34650, 0x37e34800, 0x38400000)
    rw space 12288K,  52% used [0x38400000, 0x38a4be40, 0x38a4c000, 0x39000000)

Card table byte_map: [0x039d0000,0x03a80000] byte_map_base: 0x038b3000

Polling page: 0x00170000

Code Cache  [0x01950000, 0x01b28000, 0x03950000)
 total_blobs=811 nmethods=541 adapters=207 free_code_cache=30902Kb largest_free_block=31634176

Compilation events (10 events):
Event: 14.434 Thread 0x01344000  540   !         org.lwjgl.input.Mouse::isCreated (17 bytes)
Event: 14.434 Thread 0x01344000 nmethod 540 0x01b23b08 code [0x01b23c00, 0x01b23d90]
Event: 14.434 Thread 0x01344000  541  s          org.lwjgl.opengl.EventQueue::copyEvents (77 bytes)
Event: 14.435 Thread 0x01344000 nmethod 541 0x01b23e48 code [0x01b23f80, 0x01b24210]
Event: 14.435 Thread 0x01344000  542             com.badlogic.gdx.utils.Array::clear (33 bytes)
Event: 14.436 Thread 0x01344000 nmethod 542 0x01b243c8 code [0x01b244c0, 0x01b24590]
Event: 14.436 Thread 0x01344000  543   !         org.lwjgl.input.Keyboard::isCreated (17 bytes)
Event: 14.436 Thread 0x01344000 nmethod 543 0x01b24688 code [0x01b24780, 0x01b24910]
Event: 14.515 Thread 0x01344000  544             java.lang.ThreadLocal::get (34 bytes)
Event: 14.515 Thread 0x01344000 nmethod 544 0x01b249c8 code [0x01b24ae0, 0x01b24bd8]

GC Heap History (10 events):
Event: 1.055 GC heap before
{Heap before GC invocations=1 (full 0):
 def new generation   total 4928K, used 4928K [0x23a00000, 0x23f50000, 0x28f50000)
  eden space 4416K, 100% used [0x23a00000, 0x23e50000, 0x23e50000)
  from space 512K, 100% used [0x23ed0000, 0x23f50000, 0x23f50000)
  to   space 512K,   0% used [0x23e50000, 0x23e50000, 0x23ed0000)
 tenured generation   total 10944K, used 685K [0x28f50000, 0x29a00000, 0x33a00000)
   the space 10944K,   6% used [0x28f50000, 0x28ffb428, 0x28ffb600, 0x29a00000)
 compacting perm gen  total 12288K, used 1671K [0x33a00000, 0x34600000, 0x37a00000)
   the space 12288K,  13% used [0x33a00000, 0x33ba1d08, 0x33ba1e00, 0x34600000)
    ro space 10240K,  42% used [0x37a00000, 0x37e34650, 0x37e34800, 0x38400000)
    rw space 12288K,  52% used [0x38400000, 0x38a4be40, 0x38a4c000, 0x39000000)
Event: 1.061 GC heap after
Heap after GC invocations=2 (full 0):
 def new generation   total 4928K, used 512K [0x23a00000, 0x23f50000, 0x28f50000)
  eden space 4416K,   0% used [0x23a00000, 0x23a00000, 0x23e50000)
  from space 512K, 100% used [0x23e50000, 0x23ed0000, 0x23ed0000)
  to   space 512K,   0% used [0x23ed0000, 0x23ed0000, 0x23f50000)
 tenured generation   total 10944K, used 1282K [0x28f50000, 0x29a00000, 0x33a00000)
   the space 10944K,  11% used [0x28f50000, 0x29090878, 0x29090a00, 0x29a00000)
 compacting perm gen  total 12288K, used 1671K [0x33a00000, 0x34600000, 0x37a00000)
   the space 12288K,  13% used [0x33a00000, 0x33ba1d08, 0x33ba1e00, 0x34600000)
    ro space 10240K,  42% used [0x37a00000, 0x37e34650, 0x37e34800, 0x38400000)
    rw space 12288K,  52% used [0x38400000, 0x38a4be40, 0x38a4c000, 0x39000000)
}
Event: 1.201 GC heap before
{Heap before GC invocations=2 (full 0):
 def new generation   total 4928K, used 4853K [0x23a00000, 0x23f50000, 0x28f50000)
  eden space 4416K,  98% used [0x23a00000, 0x23e3d440, 0x23e50000)
  from space 512K, 100% used [0x23e50000, 0x23ed0000, 0x23ed0000)
  to   space 512K,   0% used [0x23ed0000, 0x23ed0000, 0x23f50000)
 tenured generation   total 10944K, used 1282K [0x28f50000, 0x29a00000, 0x33a00000)
   the space 10944K,  11% used [0x28f50000, 0x29090878, 0x29090a00, 0x29a00000)
 compacting perm gen  total 12288K, used 1835K [0x33a00000, 0x34600000, 0x37a00000)
   the space 12288K,  14% used [0x33a00000, 0x33bcac58, 0x33bcae00, 0x34600000)
    ro space 10240K,  42% used [0x37a00000, 0x37e34650, 0x37e34800, 0x38400000)
    rw space 12288K,  52% used [0x38400000, 0x38a4be40, 0x38a4c000, 0x39000000)
Event: 1.205 GC heap after
Heap after GC invocations=3 (full 0):
 def new generation   total 4928K, used 384K [0x23a00000, 0x23f50000, 0x28f50000)
  eden space 4416K,   0% used [0x23a00000, 0x23a00000, 0x23e50000)
  from space 512K,  75% used [0x23ed0000, 0x23f303b0, 0x23f50000)
  to   space 512K,   0% used [0x23e50000, 0x23e50000, 0x23ed0000)
 tenured generation   total 10944K, used 1510K [0x28f50000, 0x29a00000, 0x33a00000)
   the space 10944K,  13% used [0x28f50000, 0x290c9a30, 0x290c9c00, 0x29a00000)
 compacting perm gen  total 12288K, used 1835K [0x33a00000, 0x34600000, 0x37a00000)
   the space 12288K,  14% used [0x33a00000, 0x33bcac58, 0x33bcae00, 0x34600000)
    ro space 10240K,  42% used [0x37a00000, 0x37e34650, 0x37e34800, 0x38400000)
    rw space 12288K,  52% used [0x38400000, 0x38a4be40, 0x38a4c000, 0x39000000)
}
Event: 5.479 GC heap before
{Heap before GC invocations=3 (full 0):
 def new generation   total 4928K, used 4800K [0x23a00000, 0x23f50000, 0x28f50000)
  eden space 4416K, 100% used [0x23a00000, 0x23e50000, 0x23e50000)
  from space 512K,  75% used [0x23ed0000, 0x23f303b0, 0x23f50000)
  to   space 512K,   0% used [0x23e50000, 0x23e50000, 0x23ed0000)
 tenured generation   total 10944K, used 1510K [0x28f50000, 0x29a00000, 0x33a00000)
   the space 10944K,  13% used [0x28f50000, 0x290c9a30, 0x290c9c00, 0x29a00000)
 compacting perm gen  total 12288K, used 2230K [0x33a00000, 0x34600000, 0x37a00000)
   the space 12288K,  18% used [0x33a00000, 0x33c2db58, 0x33c2dc00, 0x34600000)
    ro space 10240K,  42% used [0x37a00000, 0x37e34650, 0x37e34800, 0x38400000)
    rw space 12288K,  52% used [0x38400000, 0x38a4be40, 0x38a4c000, 0x39000000)
Event: 5.483 GC heap after
Heap after GC invocations=4 (full 0):
 def new generation   total 4928K, used 476K [0x23a00000, 0x23f50000, 0x28f50000)
  eden space 4416K,   0% used [0x23a00000, 0x23a00000, 0x23e50000)
  from space 512K,  93% used [0x23e50000, 0x23ec7300, 0x23ed0000)
  to   space 512K,   0% used [0x23ed0000, 0x23ed0000, 0x23f50000)
 tenured generation   total 10944K, used 1676K [0x28f50000, 0x29a00000, 0x33a00000)
   the space 10944K,  15% used [0x28f50000, 0x290f30e0, 0x290f3200, 0x29a00000)
 compacting perm gen  total 12288K, used 2230K [0x33a00000, 0x34600000, 0x37a00000)
   the space 12288K,  18% used [0x33a00000, 0x33c2db58, 0x33c2dc00, 0x34600000)
    ro space 10240K,  42% used [0x37a00000, 0x37e34650, 0x37e34800, 0x38400000)
    rw space 12288K,  52% used [0x38400000, 0x38a4be40, 0x38a4c000, 0x39000000)
}
Event: 8.620 GC heap before
{Heap before GC invocations=4 (full 0):
 def new generation   total 4928K, used 4892K [0x23a00000, 0x23f50000, 0x28f50000)
  eden space 4416K, 100% used [0x23a00000, 0x23e50000, 0x23e50000)
  from space 512K,  93% used [0x23e50000, 0x23ec7300, 0x23ed0000)
  to   space 512K,   0% used [0x23ed0000, 0x23ed0000, 0x23f50000)
 tenured generation   total 10944K, used 1676K [0x28f50000, 0x29a00000, 0x33a00000)
   the space 10944K,  15% used [0x28f50000, 0x290f30e0, 0x290f3200, 0x29a00000)
 compacting perm gen  total 12288K, used 2930K [0x33a00000, 0x34600000, 0x37a00000)
   the space 12288K,  23% used [0x33a00000, 0x33cdca98, 0x33cdcc00, 0x34600000)
    ro space 10240K,  42% used [0x37a00000, 0x37e34650, 0x37e34800, 0x38400000)
    rw space 12288K,  52% used [0x38400000, 0x38a4be40, 0x38a4c000, 0x39000000)
Event: 8.625 GC heap after
Heap after GC invocations=5 (full 0):
 def new generation   total 4928K, used 512K [0x23a00000, 0x23f50000, 0x28f50000)
  eden space 4416K,   0% used [0x23a00000, 0x23a00000, 0x23e50000)
  from space 512K, 100% used [0x23ed0000, 0x23f50000, 0x23f50000)
  to   space 512K,   0% used [0x23e50000, 0x23e50000, 0x23ed0000)
 tenured generation   total 10944K, used 2472K [0x28f50000, 0x29a00000, 0x33a00000)
   the space 10944K,  22% used [0x28f50000, 0x291ba180, 0x291ba200, 0x29a00000)
 compacting perm gen  total 12288K, used 2930K [0x33a00000, 0x34600000, 0x37a00000)
   the space 12288K,  23% used [0x33a00000, 0x33cdca98, 0x33cdcc00, 0x34600000)
    ro space 10240K,  42% used [0x37a00000, 0x37e34650, 0x37e34800, 0x38400000)
    rw space 12288K,  52% used [0x38400000, 0x38a4be40, 0x38a4c000, 0x39000000)
}
Event: 13.647 GC heap before
{Heap before GC invocations=5 (full 0):
 def new generation   total 4928K, used 4928K [0x23a00000, 0x23f50000, 0x28f50000)
  eden space 4416K, 100% used [0x23a00000, 0x23e50000, 0x23e50000)
  from space 512K, 100% used [0x23ed0000, 0x23f50000, 0x23f50000)
  to   space 512K,   0% used [0x23e50000, 0x23e50000, 0x23ed0000)
 tenured generation   total 10944K, used 2472K [0x28f50000, 0x29a00000, 0x33a00000)
   the space 10944K,  22% used [0x28f50000, 0x291ba180, 0x291ba200, 0x29a00000)
 compacting perm gen  total 12288K, used 3244K [0x33a00000, 0x34600000, 0x37a00000)
   the space 12288K,  26% used [0x33a00000, 0x33d2b060, 0x33d2b200, 0x34600000)
    ro space 10240K,  42% used [0x37a00000, 0x37e34650, 0x37e34800, 0x38400000)
    rw space 12288K,  52% used [0x38400000, 0x38a4be40, 0x38a4c000, 0x39000000)
Event: 13.652 GC heap after
Heap after GC invocations=6 (full 0):
 def new generation   total 4928K, used 512K [0x23a00000, 0x23f50000, 0x28f50000)
  eden space 4416K,   0% used [0x23a00000, 0x23a00000, 0x23e50000)
  from space 512K, 100% used [0x23e50000, 0x23ed0000, 0x23ed0000)
  to   space 512K,   0% used [0x23ed0000, 0x23ed0000, 0x23f50000)
 tenured generation   total 10944K, used 3256K [0x28f50000, 0x29a00000, 0x33a00000)
   the space 10944K,  29% used [0x28f50000, 0x2927e0d8, 0x2927e200, 0x29a00000)
 compacting perm gen  total 12288K, used 3244K [0x33a00000, 0x34600000, 0x37a00000)
   the space 12288K,  26% used [0x33a00000, 0x33d2b060, 0x33d2b200, 0x34600000)
    ro space 10240K,  42% used [0x37a00000, 0x37e34650, 0x37e34800, 0x38400000)
    rw space 12288K,  52% used [0x38400000, 0x38a4be40, 0x38a4c000, 0x39000000)
}

Deoptimization events (0 events):
No events

Internal exceptions (10 events):
Event: 9.174 Thread 0x03ef0c00 Threw 0x23d49f60 at C:\re\jdk7u67\1368\hotspot\src\share\vm\prims\jvm.cpp:1244
Event: 9.183 Thread 0x03ef0c00 Threw 0x23d9b5b8 at C:\re\jdk7u67\1368\hotspot\src\share\vm\prims\jvm.cpp:1244
Event: 9.184 Thread 0x03ef0c00 Threw 0x23dacd88 at C:\re\jdk7u67\1368\hotspot\src\share\vm\prims\jvm.cpp:1244
Event: 9.185 Thread 0x03ef0c00 Threw 0x23daeee0 at C:\re\jdk7u67\1368\hotspot\src\share\vm\prims\jvm.cpp:1244
Event: 9.188 Thread 0x03ef0c00 Threw 0x23db1b40 at C:\re\jdk7u67\1368\hotspot\src\share\vm\prims\jvm.cpp:1244
Event: 9.195 Thread 0x03ef0c00 Threw 0x23db64a0 at C:\re\jdk7u67\1368\hotspot\src\share\vm\prims\jvm.cpp:1244
Event: 9.196 Thread 0x03ef0c00 Threw 0x23dba550 at C:\re\jdk7u67\1368\hotspot\src\share\vm\prims\jvm.cpp:1244
Event: 9.198 Thread 0x03ef0c00 Threw 0x23dbed48 at C:\re\jdk7u67\1368\hotspot\src\share\vm\prims\jvm.cpp:1244
Event: 10.451 Thread 0x03ef0c00 Threw 0x23de90b8 at C:\re\jdk7u67\1368\hotspot\src\share\vm\prims\jvm.cpp:1244
Event: 10.452 Thread 0x03ef0c00 Threw 0x23def630 at C:\re\jdk7u67\1368\hotspot\src\share\vm\prims\jvm.cpp:1244

Events (10 events):
Event: 13.655 Executing VM operation: RevokeBias done
Event: 13.655 Executing VM operation: RevokeBias
Event: 13.655 Executing VM operation: RevokeBias done
Event: 13.656 Executing VM operation: RevokeBias
Event: 13.656 Executing VM operation: RevokeBias done
Event: 13.656 Executing VM operation: RevokeBias
Event: 13.656 Executing VM operation: RevokeBias done
Event: 13.656 Executing VM operation: BulkRevokeBias
Event: 13.656 Executing VM operation: BulkRevokeBias done
Event: 14.515 Thread 0x01344000 flushing nmethod 0x01a9ca08


Dynamic libraries:
0x013c0000 - 0x013ef000 	C:\Program Files\Java\jre7\bin\javaw.exe
0x779e0000 - 0x77b1c000 	C:\Windows\SYSTEM32\ntdll.dll
0x773c0000 - 0x77494000 	C:\Windows\system32\kernel32.dll
0x75a80000 - 0x75acb000 	C:\Windows\system32\KERNELBASE.dll
0x771a0000 - 0x77240000 	C:\Windows\system32\ADVAPI32.dll
0x77790000 - 0x7783c000 	C:\Windows\system32\msvcrt.dll
0x77110000 - 0x77129000 	C:\Windows\SYSTEM32\sechost.dll
0x774a0000 - 0x77541000 	C:\Windows\system32\RPCRT4.dll
0x772d0000 - 0x77399000 	C:\Windows\system32\USER32.dll
0x775f0000 - 0x7763e000 	C:\Windows\system32\GDI32.dll
0x75e40000 - 0x75e4a000 	C:\Windows\system32\LPK.dll
0x76c90000 - 0x76d2d000 	C:\Windows\system32\USP10.dll
0x74880000 - 0x74a1e000 	C:\Windows\WinSxS\x86_microsoft.windows.common-controls_6595b64144ccf1df_6.0.7601.17514_none_41e6975e2bd6f2b2\COMCTL32.dll
0x77590000 - 0x775e7000 	C:\Windows\system32\SHLWAPI.dll
0x773a0000 - 0x773bf000 	C:\Windows\system32\IMM32.DLL
0x75d70000 - 0x75e3c000 	C:\Windows\system32\MSCTF.dll
0x64290000 - 0x6434f000 	C:\Program Files\Java\jre7\bin\msvcr100.dll
0x5d290000 - 0x5d618000 	C:\Program Files\Java\jre7\bin\client\jvm.dll
0x70ed0000 - 0x70ed7000 	C:\Windows\system32\WSOCK32.dll
0x77550000 - 0x77585000 	C:\Windows\system32\WS2_32.dll
0x77190000 - 0x77196000 	C:\Windows\system32\NSI.dll
0x73260000 - 0x73292000 	C:\Windows\system32\WINMM.dll
0x77b20000 - 0x77b25000 	C:\Windows\system32\PSAPI.DLL
0x73840000 - 0x7384c000 	C:\Program Files\Java\jre7\bin\verify.dll
0x728a0000 - 0x728c0000 	C:\Program Files\Java\jre7\bin\java.dll
0x728c0000 - 0x728d3000 	C:\Program Files\Java\jre7\bin\zip.dll
0x6cec0000 - 0x6cf42000 	C:\Users\DNX\AppData\Local\Temp\libgdxDNX\6df0928e\gdx.dll
0x10000000 - 0x1004c000 	C:\Users\DNX\AppData\Local\Temp\libgdxDNX\52d76f2b\lwjgl.dll
0x676d0000 - 0x67798000 	C:\Windows\system32\OPENGL32.dll
0x72680000 - 0x726a2000 	C:\Windows\system32\GLU32.dll
0x5ef20000 - 0x5f007000 	C:\Windows\system32\DDRAW.dll
0x72950000 - 0x72956000 	C:\Windows\system32\DCIMAN32.dll
0x77840000 - 0x779dd000 	C:\Windows\system32\SETUPAPI.dll
0x75d00000 - 0x75d27000 	C:\Windows\system32\CFGMGR32.dll
0x76aa0000 - 0x76b2f000 	C:\Windows\system32\OLEAUT32.dll
0x76b30000 - 0x76c8c000 	C:\Windows\system32\ole32.dll
0x75d30000 - 0x75d42000 	C:\Windows\system32\DEVOBJ.dll
0x743d0000 - 0x743e3000 	C:\Windows\system32\dwmapi.dll
0x74dd0000 - 0x74dd9000 	C:\Windows\system32\VERSION.dll
0x03d10000 - 0x03d75000 	C:\Users\DNX\AppData\Local\Temp\libgdxDNX\52d76f2b\OpenAL32.dll
0x75e50000 - 0x76a9a000 	C:\Windows\system32\SHELL32.dll
0x75970000 - 0x7597c000 	C:\Windows\system32\CRYPTBASE.dll
0x74700000 - 0x74740000 	C:\Windows\system32\uxtheme.dll
0x77240000 - 0x772c3000 	C:\Windows\system32\CLBCatQ.DLL
0x74740000 - 0x74835000 	C:\Windows\System32\PROPSYS.dll
0x75ae0000 - 0x75b0d000 	C:\Windows\system32\WINTRUST.dll
0x75be0000 - 0x75cfd000 	C:\Windows\system32\CRYPT32.dll
0x75a60000 - 0x75a6c000 	C:\Windows\system32\MSASN1.dll
0x732a0000 - 0x73312000 	C:\Windows\system32\dsound.dll
0x73440000 - 0x73465000 	C:\Windows\system32\POWRPROF.dll
0x743f0000 - 0x74429000 	C:\Windows\System32\MMDevApi.dll
0x73cd0000 - 0x73d06000 	C:\Windows\system32\AUDIOSES.DLL
0x051c0000 - 0x05792000 	C:\Windows\system32\ig4icd32.dll
0x057a0000 - 0x05b5e000 	C:\Windows\system32\ig4dev32.dll
0x6a210000 - 0x6a289000 	C:\Windows\system32\mscms.dll
0x75d50000 - 0x75d67000 	C:\Windows\system32\USERENV.dll
0x75a50000 - 0x75a5b000 	C:\Windows\system32\profapi.dll
0x721d0000 - 0x72208000 	C:\Windows\system32\icm32.dll
0x018a0000 - 0x018a8000 	C:\Program Files\Internet Download Manager\idmmkb.dll
0x03be0000 - 0x03bfa000 	C:\Program Files\Dell\QuickSet\dadkeyb.dll
0x62410000 - 0x624fb000 	C:\Windows\system32\dbghelp.dll

VM Arguments:
jvm_args: -Dfile.encoding=Cp1252 
java_command: com.dnx.mountainclimbing.Main
Launcher Type: SUN_STANDARD

Environment Variables:
PATH=C:/Program Files/Java/jre7/bin/client;C:/Program Files/Java/jre7/bin;C:/Program Files/Java/jre7/lib/i386;C:\Windows\system32;C:\Windows;C:\Windows\System32\Wbem;C:\Windows\System32\WindowsPowerShell\v1.0\;C:\Program Files\Microsoft\Web Platform Installer\;C:\Program Files\Microsoft ASP.NET\ASP.NET Web Pages\v1.0\;C:\Program Files\Windows Kits\8.0\Windows Performance Toolkit\;C:\Program Files\Microsoft SQL Server\110\Tools\Binn\;C:\Program Files\Java\jdk1.7.0_21\bin;C:\Program Files\SqliteBrowser3\bin;E:\Backups\adt-bundle-windows-x86-20131030\eclipse;
USERNAME=DNX
OS=Windows_NT
PROCESSOR_IDENTIFIER=x86 Family 6 Model 23 Stepping 10, GenuineIntel



---------------  S Y S T E M  ---------------

OS: Windows 7 Build 7601 Service Pack 1

CPU:total 2 (2 cores per cpu, 1 threads per core) family 6 model 23 stepping 10, cmov, cx8, fxsr, mmx, sse, sse2, sse3, ssse3, tsc

Memory: 4k page, physical 2056564k(909620k free), swap 4113128k(1675088k free)

vm_info: Java HotSpot(TM) Client VM (24.65-b04) for windows-x86 JRE (1.7.0_67-b01), built on Jul 25 2014 10:20:53 by "java_re" with unknown MS VC++:1600

time: Wed Sep 10 01:15:59 2014
elapsed time: 14 seconds

