#
# A fatal error has been detected by the Java Runtime Environment:
#
#  EXCEPTION_ACCESS_VIOLATION (0xc0000005) at pc=0x00000006, pid=5024, tid=4088
#
# JRE version: Java(TM) SE Runtime Environment (7.0_67-b01) (build 1.7.0_67-b01)
# Java VM: Java HotSpot(TM) Client VM (24.65-b04 mixed mode, sharing windows-x86 )
# Problematic frame:
# C  0x00000006
#
# Failed to write core dump. Minidumps are not enabled by default on client versions of Windows
#
# If you would like to submit a bug report, please visit:
#   http://bugreport.sun.com/bugreport/crash.jsp
# The crash happened outside the Java Virtual Machine in native code.
# See problematic frame for where to report the bug.
#

---------------  T H R E A D  ---------------

Current thread (0x03e37000):  JavaThread "LWJGL Application" [_thread_in_native, id=4088, stack(0x04f20000,0x04f70000)]

siginfo: ExceptionCode=0xc0000005, ExceptionInformation=0x00000008 0x00000006

Registers:
EAX=0x04080020, EBX=0x04080020, ECX=0x00000000, EDX=0x00000000
ESP=0x04f6f6cc, EBP=0x0407f120, ESI=0x0403e220, EDI=0x040800c0
EIP=0x00000006, EFLAGS=0x00010202

Top of Stack: (sp=0x04f6f6cc)
0x04f6f6cc:   6cecd040 04080020 04f6f700 03b7e818
0x04f6f6dc:   04080020 0403e220 040800c0 04080020
0x04f6f6ec:   6cedfda5 04080020 04025048 04f6f72c
0x04f6f6fc:   5d291713 03e37000 04f6f738 5d291713
0x04f6f70c:   04025048 00000000 040800c0 00000000
0x04f6f71c:   6cee2529 0403e220 04080020 04f6fb24
0x04f6f72c:   5d5256fe dd11b8c7 fffffffe 04f6f758
0x04f6f73c:   0403e220 03e37000 04f6fac0 5d37ed5a 

Instructions: (pc=0x00000006)
0xffffffe6:   


Register to memory mapping:

EAX=0x04080020 is an unknown value
EBX=0x04080020 is an unknown value
ECX=0x00000000 is an unknown value
EDX=0x00000000 is an unknown value
ESP=0x04f6f6cc is pointing into the stack for thread: 0x03e37000
EBP=0x0407f120 is an unknown value
ESI=0x0403e220 is an unknown value
EDI=0x040800c0 is an unknown value


Stack: [0x04f20000,0x04f70000],  sp=0x04f6f6cc,  free space=317k
Native frames: (J=compiled Java code, j=interpreted, Vv=VM code, C=native code)
C  0x00000006

Java frames: (J=compiled Java code, j=interpreted, Vv=VM code)
j  com.badlogic.gdx.physics.box2d.World.jniDestroyBody(JJ)V+0
j  com.badlogic.gdx.physics.box2d.World.destroyBody(Lcom/badlogic/gdx/physics/box2d/Body;)V+99
J 421 C1 com.dnx.mc.GameScreen.render(F)V (524 bytes) @ 0x01b25a04 [0x01b25460+0x5a4]
j  com.badlogic.gdx.Game.render()V+19
j  com.dnx.mc.MountainClimb.render()V+1
j  com.badlogic.gdx.backends.lwjgl.LwjglApplication.mainLoop()V+642
j  com.badlogic.gdx.backends.lwjgl.LwjglApplication$1.run()V+27
v  ~StubRoutines::call_stub

---------------  P R O C E S S  ---------------

Java Threads: ( => current thread )
  0x03e38400 JavaThread "LWJGL Timer" daemon [_thread_blocked, id=3188, stack(0x08c00000,0x08c50000)]
  0x03e37c00 JavaThread "AsynchExecutor-Thread" daemon [_thread_blocked, id=4560, stack(0x07ce0000,0x07d30000)]
  0x03e37800 JavaThread "DestroyJavaVM" [_thread_blocked, id=1044, stack(0x01930000,0x01980000)]
=>0x03e37000 JavaThread "LWJGL Application" [_thread_in_native, id=4088, stack(0x04f20000,0x04f70000)]
  0x0129b400 JavaThread "Service Thread" daemon [_thread_blocked, id=2324, stack(0x03be0000,0x03c30000)]
  0x01283000 JavaThread "C1 CompilerThread0" daemon [_thread_blocked, id=4736, stack(0x03a60000,0x03ab0000)]
  0x01281c00 JavaThread "Attach Listener" daemon [_thread_blocked, id=5548, stack(0x03d70000,0x03dc0000)]
  0x0127ec00 JavaThread "Signal Dispatcher" daemon [_thread_blocked, id=3244, stack(0x03c40000,0x03c90000)]
  0x01216000 JavaThread "Finalizer" daemon [_thread_blocked, id=1332, stack(0x039e0000,0x03a30000)]
  0x01211000 JavaThread "Reference Handler" daemon [_thread_blocked, id=5076, stack(0x03ab0000,0x03b00000)]

Other Threads:
  0x0120f400 VMThread [stack: 0x03b20000,0x03b70000] [id=3736]
  0x012b4800 WatcherThread [stack: 0x03d20000,0x03d70000] [id=1892]

VM state:not at safepoint (normal execution)

VM Mutex/Monitor currently owned by a thread: None

Heap
 def new generation   total 4928K, used 638K [0x23a00000, 0x23f50000, 0x28f50000)
  eden space 4416K,   2% used [0x23a00000, 0x23a1f870, 0x23e50000)
  from space 512K, 100% used [0x23e50000, 0x23ed0000, 0x23ed0000)
  to   space 512K,   0% used [0x23ed0000, 0x23ed0000, 0x23f50000)
 tenured generation   total 10944K, used 3255K [0x28f50000, 0x29a00000, 0x33a00000)
   the space 10944K,  29% used [0x28f50000, 0x2927dfa0, 0x2927e000, 0x29a00000)
 compacting perm gen  total 12288K, used 3244K [0x33a00000, 0x34600000, 0x37a00000)
   the space 12288K,  26% used [0x33a00000, 0x33d2b058, 0x33d2b200, 0x34600000)
    ro space 10240K,  42% used [0x37a00000, 0x37e34650, 0x37e34800, 0x38400000)
    rw space 12288K,  52% used [0x38400000, 0x38a4be40, 0x38a4c000, 0x39000000)

Card table byte_map: [0x017f0000,0x018a0000] byte_map_base: 0x016d3000

Polling page: 0x00250000

Code Cache  [0x01980000, 0x01b58000, 0x03980000)
 total_blobs=803 nmethods=533 adapters=207 free_code_cache=30903Kb largest_free_block=31644544

Compilation events (10 events):
Event: 12.700 Thread 0x01283000  531             com.badlogic.gdx.graphics.glutils.VertexBufferObject::unbind (100 bytes)
Event: 12.703 Thread 0x01283000 nmethod 531 0x01b4f788 code [0x01b4f9c0, 0x01b50220]
Event: 13.100 Thread 0x01283000  532             java.nio.HeapByteBuffer::put (167 bytes)
Event: 13.101 Thread 0x01283000 nmethod 532 0x01b51408 code [0x01b515a0, 0x01b51998]
Event: 13.182 Thread 0x01283000  533             java.nio.ByteBuffer::arrayOffset (35 bytes)
Event: 13.183 Thread 0x01283000 nmethod 533 0x01b51c08 code [0x01b51d20, 0x01b51ea8]
Event: 13.493 Thread 0x01283000  534             java.lang.ThreadLocal::get (34 bytes)
Event: 13.494 Thread 0x01283000 nmethod 534 0x01b51f88 code [0x01b520a0, 0x01b52198]
Event: 13.526 Thread 0x01283000  535             java.nio.charset.CoderResult::isOverflow (14 bytes)
Event: 13.527 Thread 0x01283000 nmethod 535 0x01b522c8 code [0x01b523c0, 0x01b52450]

GC Heap History (10 events):
Event: 0.912 GC heap before
{Heap before GC invocations=1 (full 0):
 def new generation   total 4928K, used 4928K [0x23a00000, 0x23f50000, 0x28f50000)
  eden space 4416K, 100% used [0x23a00000, 0x23e50000, 0x23e50000)
  from space 512K, 100% used [0x23ed0000, 0x23f50000, 0x23f50000)
  to   space 512K,   0% used [0x23e50000, 0x23e50000, 0x23ed0000)
 tenured generation   total 10944K, used 685K [0x28f50000, 0x29a00000, 0x33a00000)
   the space 10944K,   6% used [0x28f50000, 0x28ffb428, 0x28ffb600, 0x29a00000)
 compacting perm gen  total 12288K, used 1671K [0x33a00000, 0x34600000, 0x37a00000)
   the space 12288K,  13% used [0x33a00000, 0x33ba1cc8, 0x33ba1e00, 0x34600000)
    ro space 10240K,  42% used [0x37a00000, 0x37e34650, 0x37e34800, 0x38400000)
    rw space 12288K,  52% used [0x38400000, 0x38a4be40, 0x38a4c000, 0x39000000)
Event: 0.918 GC heap after
Heap after GC invocations=2 (full 0):
 def new generation   total 4928K, used 512K [0x23a00000, 0x23f50000, 0x28f50000)
  eden space 4416K,   0% used [0x23a00000, 0x23a00000, 0x23e50000)
  from space 512K, 100% used [0x23e50000, 0x23ed0000, 0x23ed0000)
  to   space 512K,   0% used [0x23ed0000, 0x23ed0000, 0x23f50000)
 tenured generation   total 10944K, used 1282K [0x28f50000, 0x29a00000, 0x33a00000)
   the space 10944K,  11% used [0x28f50000, 0x29090878, 0x29090a00, 0x29a00000)
 compacting perm gen  total 12288K, used 1671K [0x33a00000, 0x34600000, 0x37a00000)
   the space 12288K,  13% used [0x33a00000, 0x33ba1cc8, 0x33ba1e00, 0x34600000)
    ro space 10240K,  42% used [0x37a00000, 0x37e34650, 0x37e34800, 0x38400000)
    rw space 12288K,  52% used [0x38400000, 0x38a4be40, 0x38a4c000, 0x39000000)
}
Event: 1.063 GC heap before
{Heap before GC invocations=2 (full 0):
 def new generation   total 4928K, used 4809K [0x23a00000, 0x23f50000, 0x28f50000)
  eden space 4416K,  97% used [0x23a00000, 0x23e327f8, 0x23e50000)
  from space 512K, 100% used [0x23e50000, 0x23ed0000, 0x23ed0000)
  to   space 512K,   0% used [0x23ed0000, 0x23ed0000, 0x23f50000)
 tenured generation   total 10944K, used 1282K [0x28f50000, 0x29a00000, 0x33a00000)
   the space 10944K,  11% used [0x28f50000, 0x29090878, 0x29090a00, 0x29a00000)
 compacting perm gen  total 12288K, used 1835K [0x33a00000, 0x34600000, 0x37a00000)
   the space 12288K,  14% used [0x33a00000, 0x33bcac18, 0x33bcae00, 0x34600000)
    ro space 10240K,  42% used [0x37a00000, 0x37e34650, 0x37e34800, 0x38400000)
    rw space 12288K,  52% used [0x38400000, 0x38a4be40, 0x38a4c000, 0x39000000)
Event: 1.066 GC heap after
Heap after GC invocations=3 (full 0):
 def new generation   total 4928K, used 384K [0x23a00000, 0x23f50000, 0x28f50000)
  eden space 4416K,   0% used [0x23a00000, 0x23a00000, 0x23e50000)
  from space 512K,  75% used [0x23ed0000, 0x23f303b0, 0x23f50000)
  to   space 512K,   0% used [0x23e50000, 0x23e50000, 0x23ed0000)
 tenured generation   total 10944K, used 1510K [0x28f50000, 0x29a00000, 0x33a00000)
   the space 10944K,  13% used [0x28f50000, 0x290c9a30, 0x290c9c00, 0x29a00000)
 compacting perm gen  total 12288K, used 1835K [0x33a00000, 0x34600000, 0x37a00000)
   the space 12288K,  14% used [0x33a00000, 0x33bcac18, 0x33bcae00, 0x34600000)
    ro space 10240K,  42% used [0x37a00000, 0x37e34650, 0x37e34800, 0x38400000)
    rw space 12288K,  52% used [0x38400000, 0x38a4be40, 0x38a4c000, 0x39000000)
}
Event: 5.349 GC heap before
{Heap before GC invocations=3 (full 0):
 def new generation   total 4928K, used 4800K [0x23a00000, 0x23f50000, 0x28f50000)
  eden space 4416K, 100% used [0x23a00000, 0x23e50000, 0x23e50000)
  from space 512K,  75% used [0x23ed0000, 0x23f303b0, 0x23f50000)
  to   space 512K,   0% used [0x23e50000, 0x23e50000, 0x23ed0000)
 tenured generation   total 10944K, used 1510K [0x28f50000, 0x29a00000, 0x33a00000)
   the space 10944K,  13% used [0x28f50000, 0x290c9a30, 0x290c9c00, 0x29a00000)
 compacting perm gen  total 12288K, used 2230K [0x33a00000, 0x34600000, 0x37a00000)
   the space 12288K,  18% used [0x33a00000, 0x33c2db18, 0x33c2dc00, 0x34600000)
    ro space 10240K,  42% used [0x37a00000, 0x37e34650, 0x37e34800, 0x38400000)
    rw space 12288K,  52% used [0x38400000, 0x38a4be40, 0x38a4c000, 0x39000000)
Event: 5.354 GC heap after
Heap after GC invocations=4 (full 0):
 def new generation   total 4928K, used 476K [0x23a00000, 0x23f50000, 0x28f50000)
  eden space 4416K,   0% used [0x23a00000, 0x23a00000, 0x23e50000)
  from space 512K,  93% used [0x23e50000, 0x23ec7330, 0x23ed0000)
  to   space 512K,   0% used [0x23ed0000, 0x23ed0000, 0x23f50000)
 tenured generation   total 10944K, used 1676K [0x28f50000, 0x29a00000, 0x33a00000)
   the space 10944K,  15% used [0x28f50000, 0x290f30e0, 0x290f3200, 0x29a00000)
 compacting perm gen  total 12288K, used 2230K [0x33a00000, 0x34600000, 0x37a00000)
   the space 12288K,  18% used [0x33a00000, 0x33c2db18, 0x33c2dc00, 0x34600000)
    ro space 10240K,  42% used [0x37a00000, 0x37e34650, 0x37e34800, 0x38400000)
    rw space 12288K,  52% used [0x38400000, 0x38a4be40, 0x38a4c000, 0x39000000)
}
Event: 8.049 GC heap before
{Heap before GC invocations=4 (full 0):
 def new generation   total 4928K, used 4892K [0x23a00000, 0x23f50000, 0x28f50000)
  eden space 4416K, 100% used [0x23a00000, 0x23e50000, 0x23e50000)
  from space 512K,  93% used [0x23e50000, 0x23ec7330, 0x23ed0000)
  to   space 512K,   0% used [0x23ed0000, 0x23ed0000, 0x23f50000)
 tenured generation   total 10944K, used 1676K [0x28f50000, 0x29a00000, 0x33a00000)
   the space 10944K,  15% used [0x28f50000, 0x290f30e0, 0x290f3200, 0x29a00000)
 compacting perm gen  total 12288K, used 2930K [0x33a00000, 0x34600000, 0x37a00000)
   the space 12288K,  23% used [0x33a00000, 0x33cdca80, 0x33cdcc00, 0x34600000)
    ro space 10240K,  42% used [0x37a00000, 0x37e34650, 0x37e34800, 0x38400000)
    rw space 12288K,  52% used [0x38400000, 0x38a4be40, 0x38a4c000, 0x39000000)
Event: 8.054 GC heap after
Heap after GC invocations=5 (full 0):
 def new generation   total 4928K, used 512K [0x23a00000, 0x23f50000, 0x28f50000)
  eden space 4416K,   0% used [0x23a00000, 0x23a00000, 0x23e50000)
  from space 512K, 100% used [0x23ed0000, 0x23f50000, 0x23f50000)
  to   space 512K,   0% used [0x23e50000, 0x23e50000, 0x23ed0000)
 tenured generation   total 10944K, used 2473K [0x28f50000, 0x29a00000, 0x33a00000)
   the space 10944K,  22% used [0x28f50000, 0x291ba408, 0x291ba600, 0x29a00000)
 compacting perm gen  total 12288K, used 2930K [0x33a00000, 0x34600000, 0x37a00000)
   the space 12288K,  23% used [0x33a00000, 0x33cdca80, 0x33cdcc00, 0x34600000)
    ro space 10240K,  42% used [0x37a00000, 0x37e34650, 0x37e34800, 0x38400000)
    rw space 12288K,  52% used [0x38400000, 0x38a4be40, 0x38a4c000, 0x39000000)
}
Event: 12.937 GC heap before
{Heap before GC invocations=5 (full 0):
 def new generation   total 4928K, used 4928K [0x23a00000, 0x23f50000, 0x28f50000)
  eden space 4416K, 100% used [0x23a00000, 0x23e50000, 0x23e50000)
  from space 512K, 100% used [0x23ed0000, 0x23f50000, 0x23f50000)
  to   space 512K,   0% used [0x23e50000, 0x23e50000, 0x23ed0000)
 tenured generation   total 10944K, used 2473K [0x28f50000, 0x29a00000, 0x33a00000)
   the space 10944K,  22% used [0x28f50000, 0x291ba408, 0x291ba600, 0x29a00000)
 compacting perm gen  total 12288K, used 3244K [0x33a00000, 0x34600000, 0x37a00000)
   the space 12288K,  26% used [0x33a00000, 0x33d2b048, 0x33d2b200, 0x34600000)
    ro space 10240K,  42% used [0x37a00000, 0x37e34650, 0x37e34800, 0x38400000)
    rw space 12288K,  52% used [0x38400000, 0x38a4be40, 0x38a4c000, 0x39000000)
Event: 12.941 GC heap after
Heap after GC invocations=6 (full 0):
 def new generation   total 4928K, used 512K [0x23a00000, 0x23f50000, 0x28f50000)
  eden space 4416K,   0% used [0x23a00000, 0x23a00000, 0x23e50000)
  from space 512K, 100% used [0x23e50000, 0x23ed0000, 0x23ed0000)
  to   space 512K,   0% used [0x23ed0000, 0x23ed0000, 0x23f50000)
 tenured generation   total 10944K, used 3255K [0x28f50000, 0x29a00000, 0x33a00000)
   the space 10944K,  29% used [0x28f50000, 0x2927dfa0, 0x2927e000, 0x29a00000)
 compacting perm gen  total 12288K, used 3244K [0x33a00000, 0x34600000, 0x37a00000)
   the space 12288K,  26% used [0x33a00000, 0x33d2b048, 0x33d2b200, 0x34600000)
    ro space 10240K,  42% used [0x37a00000, 0x37e34650, 0x37e34800, 0x38400000)
    rw space 12288K,  52% used [0x38400000, 0x38a4be40, 0x38a4c000, 0x39000000)
}

Deoptimization events (0 events):
No events

Internal exceptions (10 events):
Event: 8.579 Thread 0x03e37000 Threw 0x23d56a28 at C:\re\jdk7u67\1368\hotspot\src\share\vm\prims\jvm.cpp:1244
Event: 8.589 Thread 0x03e37000 Threw 0x23d98058 at C:\re\jdk7u67\1368\hotspot\src\share\vm\prims\jvm.cpp:1244
Event: 8.590 Thread 0x03e37000 Threw 0x23da9828 at C:\re\jdk7u67\1368\hotspot\src\share\vm\prims\jvm.cpp:1244
Event: 8.590 Thread 0x03e37000 Threw 0x23dab980 at C:\re\jdk7u67\1368\hotspot\src\share\vm\prims\jvm.cpp:1244
Event: 8.593 Thread 0x03e37000 Threw 0x23dae5e0 at C:\re\jdk7u67\1368\hotspot\src\share\vm\prims\jvm.cpp:1244
Event: 8.600 Thread 0x03e37000 Threw 0x23db2f28 at C:\re\jdk7u67\1368\hotspot\src\share\vm\prims\jvm.cpp:1244
Event: 8.601 Thread 0x03e37000 Threw 0x23db6fd8 at C:\re\jdk7u67\1368\hotspot\src\share\vm\prims\jvm.cpp:1244
Event: 8.603 Thread 0x03e37000 Threw 0x23dbb6b0 at C:\re\jdk7u67\1368\hotspot\src\share\vm\prims\jvm.cpp:1244
Event: 8.921 Thread 0x03e37000 Threw 0x23dcc0e0 at C:\re\jdk7u67\1368\hotspot\src\share\vm\prims\jvm.cpp:1244
Event: 8.923 Thread 0x03e37000 Threw 0x23dd63b8 at C:\re\jdk7u67\1368\hotspot\src\share\vm\prims\jvm.cpp:1244

Events (10 events):
Event: 12.946 Executing VM operation: RevokeBias
Event: 12.946 Executing VM operation: RevokeBias done
Event: 12.946 Executing VM operation: RevokeBias
Event: 12.946 Executing VM operation: RevokeBias done
Event: 12.946 Executing VM operation: RevokeBias
Event: 12.946 Executing VM operation: RevokeBias done
Event: 12.946 Executing VM operation: RevokeBias
Event: 12.946 Executing VM operation: RevokeBias done
Event: 12.946 Executing VM operation: BulkRevokeBias
Event: 12.946 Executing VM operation: BulkRevokeBias done


Dynamic libraries:
0x01310000 - 0x0133f000 	C:\Program Files\Java\jre7\bin\javaw.exe
0x779e0000 - 0x77b1c000 	C:\Windows\SYSTEM32\ntdll.dll
0x773c0000 - 0x77494000 	C:\Windows\system32\kernel32.dll
0x75a80000 - 0x75acb000 	C:\Windows\system32\KERNELBASE.dll
0x771a0000 - 0x77240000 	C:\Windows\system32\ADVAPI32.dll
0x77790000 - 0x7783c000 	C:\Windows\system32\msvcrt.dll
0x77110000 - 0x77129000 	C:\Windows\SYSTEM32\sechost.dll
0x774a0000 - 0x77541000 	C:\Windows\system32\RPCRT4.dll
0x772d0000 - 0x77399000 	C:\Windows\system32\USER32.dll
0x775f0000 - 0x7763e000 	C:\Windows\system32\GDI32.dll
0x75e40000 - 0x75e4a000 	C:\Windows\system32\LPK.dll
0x76c90000 - 0x76d2d000 	C:\Windows\system32\USP10.dll
0x74880000 - 0x74a1e000 	C:\Windows\WinSxS\x86_microsoft.windows.common-controls_6595b64144ccf1df_6.0.7601.17514_none_41e6975e2bd6f2b2\COMCTL32.dll
0x77590000 - 0x775e7000 	C:\Windows\system32\SHLWAPI.dll
0x773a0000 - 0x773bf000 	C:\Windows\system32\IMM32.DLL
0x75d70000 - 0x75e3c000 	C:\Windows\system32\MSCTF.dll
0x676e0000 - 0x6779f000 	C:\Program Files\Java\jre7\bin\msvcr100.dll
0x5d290000 - 0x5d618000 	C:\Program Files\Java\jre7\bin\client\jvm.dll
0x70ed0000 - 0x70ed7000 	C:\Windows\system32\WSOCK32.dll
0x77550000 - 0x77585000 	C:\Windows\system32\WS2_32.dll
0x77190000 - 0x77196000 	C:\Windows\system32\NSI.dll
0x73260000 - 0x73292000 	C:\Windows\system32\WINMM.dll
0x77b20000 - 0x77b25000 	C:\Windows\system32\PSAPI.DLL
0x73840000 - 0x7384c000 	C:\Program Files\Java\jre7\bin\verify.dll
0x728a0000 - 0x728c0000 	C:\Program Files\Java\jre7\bin\java.dll
0x728c0000 - 0x728d3000 	C:\Program Files\Java\jre7\bin\zip.dll
0x6cec0000 - 0x6cf42000 	C:\Users\DNX\AppData\Local\Temp\libgdxDNX\6df0928e\gdx.dll
0x10000000 - 0x1004c000 	C:\Users\DNX\AppData\Local\Temp\libgdxDNX\52d76f2b\lwjgl.dll
0x64280000 - 0x64348000 	C:\Windows\system32\OPENGL32.dll
0x72780000 - 0x727a2000 	C:\Windows\system32\GLU32.dll
0x5e820000 - 0x5e907000 	C:\Windows\system32\DDRAW.dll
0x72980000 - 0x72986000 	C:\Windows\system32\DCIMAN32.dll
0x77840000 - 0x779dd000 	C:\Windows\system32\SETUPAPI.dll
0x75d00000 - 0x75d27000 	C:\Windows\system32\CFGMGR32.dll
0x76aa0000 - 0x76b2f000 	C:\Windows\system32\OLEAUT32.dll
0x76b30000 - 0x76c8c000 	C:\Windows\system32\ole32.dll
0x75d30000 - 0x75d42000 	C:\Windows\system32\DEVOBJ.dll
0x743d0000 - 0x743e3000 	C:\Windows\system32\dwmapi.dll
0x74dd0000 - 0x74dd9000 	C:\Windows\system32\VERSION.dll
0x03b70000 - 0x03bd5000 	C:\Users\DNX\AppData\Local\Temp\libgdxDNX\52d76f2b\OpenAL32.dll
0x75e50000 - 0x76a9a000 	C:\Windows\system32\SHELL32.dll
0x75970000 - 0x7597c000 	C:\Windows\system32\CRYPTBASE.dll
0x74700000 - 0x74740000 	C:\Windows\system32\uxtheme.dll
0x77240000 - 0x772c3000 	C:\Windows\system32\CLBCatQ.DLL
0x74740000 - 0x74835000 	C:\Windows\System32\PROPSYS.dll
0x75ae0000 - 0x75b0d000 	C:\Windows\system32\WINTRUST.dll
0x75be0000 - 0x75cfd000 	C:\Windows\system32\CRYPT32.dll
0x75a60000 - 0x75a6c000 	C:\Windows\system32\MSASN1.dll
0x732a0000 - 0x73312000 	C:\Windows\system32\dsound.dll
0x73440000 - 0x73465000 	C:\Windows\system32\POWRPROF.dll
0x743f0000 - 0x74429000 	C:\Windows\System32\MMDevApi.dll
0x73cd0000 - 0x73d06000 	C:\Windows\system32\AUDIOSES.DLL
0x050e0000 - 0x056b2000 	C:\Windows\system32\ig4icd32.dll
0x05810000 - 0x05bce000 	C:\Windows\system32\ig4dev32.dll
0x6a210000 - 0x6a289000 	C:\Windows\system32\mscms.dll
0x75d50000 - 0x75d67000 	C:\Windows\system32\USERENV.dll
0x75a50000 - 0x75a5b000 	C:\Windows\system32\profapi.dll
0x721d0000 - 0x72208000 	C:\Windows\system32\icm32.dll
0x039b0000 - 0x039b8000 	C:\Program Files\Internet Download Manager\idmmkb.dll
0x03ce0000 - 0x03cfa000 	C:\Program Files\Dell\QuickSet\dadkeyb.dll
0x62410000 - 0x624fb000 	C:\Windows\system32\dbghelp.dll

VM Arguments:
jvm_args: -Dfile.encoding=Cp1252 
java_command: com.dnx.mountainclimbing.Main
Launcher Type: SUN_STANDARD

Environment Variables:
PATH=C:/Program Files/Java/jre7/bin/client;C:/Program Files/Java/jre7/bin;C:/Program Files/Java/jre7/lib/i386;C:\Windows\system32;C:\Windows;C:\Windows\System32\Wbem;C:\Windows\System32\WindowsPowerShell\v1.0\;C:\Program Files\Microsoft\Web Platform Installer\;C:\Program Files\Microsoft ASP.NET\ASP.NET Web Pages\v1.0\;C:\Program Files\Windows Kits\8.0\Windows Performance Toolkit\;C:\Program Files\Microsoft SQL Server\110\Tools\Binn\;C:\Program Files\Java\jdk1.7.0_21\bin;C:\Program Files\SqliteBrowser3\bin;E:\Backups\adt-bundle-windows-x86-20131030\eclipse;
USERNAME=DNX
OS=Windows_NT
PROCESSOR_IDENTIFIER=x86 Family 6 Model 23 Stepping 10, GenuineIntel



---------------  S Y S T E M  ---------------

OS: Windows 7 Build 7601 Service Pack 1

CPU:total 2 (2 cores per cpu, 1 threads per core) family 6 model 23 stepping 10, cmov, cx8, fxsr, mmx, sse, sse2, sse3, ssse3, tsc

Memory: 4k page, physical 2056564k(909460k free), swap 4113128k(1671644k free)

vm_info: Java HotSpot(TM) Client VM (24.65-b04) for windows-x86 JRE (1.7.0_67-b01), built on Jul 25 2014 10:20:53 by "java_re" with unknown MS VC++:1600

time: Wed Sep 10 01:15:11 2014
elapsed time: 14 seconds

